  main.cc
C:\Users\Godbuntu\Desktop\UDP\Server\Server\main.cc(132,29): warning C4018: '<': signed 또는 unsigned가 일치하지 않습니다.
C:\Users\Godbuntu\Desktop\UDP\Server\Server\main.cc(146,29): warning C4018: '<': signed 또는 unsigned가 일치하지 않습니다.
  salsa20.cc
C:\Users\Godbuntu\Desktop\UDP\Server\Server\salsa20.cc(24,22): warning C4838: 'int'에서 'uint32_t'(으)로의 변환에는 축소 변환이 필요합니다.
C:\Users\Godbuntu\Desktop\UDP\Server\Server\salsa20.cc(25,22): warning C4838: 'int'에서 'uint32_t'(으)로의 변환에는 축소 변환이 필요합니다.
C:\Users\Godbuntu\Desktop\UDP\Server\Server\salsa20.cc(26,22): warning C4838: 'int'에서 'uint32_t'(으)로의 변환에는 축소 변환이 필요합니다.
C:\Users\Godbuntu\Desktop\UDP\Server\Server\salsa20.cc(27,22): warning C4838: 'int'에서 'uint32_t'(으)로의 변환에는 축소 변환이 필요합니다.
C:\Users\Godbuntu\Desktop\UDP\Server\Server\salsa20.cc(28,22): warning C4838: 'int'에서 'uint32_t'(으)로의 변환에는 축소 변환이 필요합니다.
C:\Users\Godbuntu\Desktop\UDP\Server\Server\salsa20.cc(29,22): warning C4838: 'int'에서 'uint32_t'(으)로의 변환에는 축소 변환이 필요합니다.
C:\Users\Godbuntu\Desktop\UDP\Server\Server\salsa20.cc(34,22): warning C4838: 'int'에서 'uint32_t'(으)로의 변환에는 축소 변환이 필요합니다.
C:\Users\Godbuntu\Desktop\UDP\Server\Server\salsa20.cc(35,22): warning C4838: 'int'에서 'uint32_t'(으)로의 변환에는 축소 변환이 필요합니다.
C:\Users\Godbuntu\Desktop\UDP\Server\Server\salsa20.cc(36,22): warning C4838: 'int'에서 'uint32_t'(으)로의 변환에는 축소 변환이 필요합니다.
C:\Users\Godbuntu\Desktop\UDP\Server\Server\salsa20.cc(37,22): warning C4838: 'int'에서 'uint32_t'(으)로의 변환에는 축소 변환이 필요합니다.
C:\Users\Godbuntu\Desktop\UDP\Server\Server\salsa20.cc(38,22): warning C4838: 'int'에서 'uint32_t'(으)로의 변환에는 축소 변환이 필요합니다.
C:\Users\Godbuntu\Desktop\UDP\Server\Server\salsa20.cc(39,22): warning C4838: 'int'에서 'uint32_t'(으)로의 변환에는 축소 변환이 필요합니다.
  코드를 생성하고 있습니다.
  Previous IPDB not found, fall back to full compilation.
  All 279 functions were compiled because no usable IPDB/IOBJ from previous compilation was found.
  코드를 생성했습니다.
  Server.vcxproj -> C:\Users\Godbuntu\Desktop\UDP\Server\Release\Server.exe
